<?xml version="1.0" encoding="UTF-8"?>
<!-- Generated by org.testng.reporters.JUnitReportReporter -->
<testsuite hostname="Satyam-Laptop" failures="0" tests="1" name="TestRunner.testRunner" time="19.697" errors="0" timestamp="2024-10-25T02:12:58 IST" skipped="0">
  <testcase classname="TestRunner.testRunner" name="runScenario" time="19.697"/>
</testsuite> <!-- TestRunner.testRunner -->
